
2022/9/26 11:39:45 [ info ] Loaded command suggest.
2022/9/26 11:39:45 [ info ] Loaded event interactionCreate.
2022/9/26 11:39:45 [ info ] Loaded event ready.
2022/9/26 11:39:45 [ error ] An error occurred while refreshing application (/) commands on dev server: TypeError: logger.log is not a function
2022/9/26 11:39:46 [ info ] Logged in as Suggestions Bot#5695.
2022/9/26 11:39:46 [ info ] Ready to serve 1 servers and 1 users.
2022/9/26 11:40:13 [ info ] Loaded command suggest.
2022/9/26 11:40:13 [ info ] Loaded event interactionCreate.
2022/9/26 11:40:13 [ info ] Loaded event ready.
2022/9/26 11:40:13 [ info ] Started refreshing application (/) on dev server.
2022/9/26 11:40:13 [ info ] Successfully reloaded application (/) commands on dev server.
2022/9/26 11:40:14 [ info ] Logged in as Suggestions Bot#5695.
2022/9/26 11:40:14 [ info ] Ready to serve 1 servers and 1 users.
2022/9/26 11:42:53 [ info ] Loaded command suggest.
2022/9/26 11:42:53 [ info ] Loaded event interactionCreate.
2022/9/26 11:42:53 [ info ] Loaded event ready.
2022/9/26 11:42:53 [ info ] Started refreshing application (/) on dev server.
2022/9/26 11:42:54 [ info ] Successfully reloaded application (/) commands on dev server.
2022/9/26 11:42:54 [ info ] Logged in as Suggestions Bot#5695.
2022/9/26 11:42:54 [ info ] Ready to serve 1 servers and 1 users.
2022/9/26 11:46:21 [ error ] An error occurred while handling a suggestion submission: TypeError: client.database.query is not a function
2022/9/26 11:46:21 [ error ] An error occurred while sending an error message to the user: Error [InteractionAlreadyReplied]: The reply to this interaction has already been sent or deferred.
2022/9/26 11:47:08 [ info ] Loaded command suggest.
2022/9/26 11:47:18 [ info ] Loaded command suggest.
2022/9/26 11:47:18 [ info ] Loaded event interactionCreate.
2022/9/26 11:47:18 [ info ] Loaded event ready.
2022/9/26 11:47:18 [ info ] Started refreshing application (/) on dev server.
2022/9/26 11:47:19 [ info ] Successfully reloaded application (/) commands on dev server.
2022/9/26 11:47:19 [ info ] Logged in as Suggestions Bot#5695.
2022/9/26 11:47:19 [ info ] Ready to serve 1 servers and 1 users.
2022/9/26 11:47:34 [ error ] An error occurred while handling a suggestion submission: TypeError: client.database.query is not a function
2022/9/26 11:51:38 [ info ] Loaded command suggest.
2022/9/26 11:51:38 [ info ] Loaded event interactionCreate.
2022/9/26 11:51:38 [ info ] Loaded event ready.
2022/9/26 11:51:38 [ info ] Started refreshing application (/) on dev server.
2022/9/26 11:51:39 [ info ] Successfully reloaded application (/) commands on dev server.
2022/9/26 11:51:39 [ info ] Logged in as Suggestions Bot#5695.
2022/9/26 11:51:39 [ info ] Ready to serve 1 servers and 1 users.
2022/9/26 11:51:39 [ info ] Loading database...
2022/9/26 11:51:39 [ info ] Successfully connected to the database.
2022/9/26 11:52:22 [ info ] Loaded command suggest.
2022/9/26 11:52:22 [ info ] Loaded event interactionCreate.
2022/9/26 11:52:22 [ info ] Loaded event ready.
2022/9/26 11:52:22 [ info ] Started refreshing application (/) on dev server.
2022/9/26 11:52:22 [ info ] Successfully reloaded application (/) commands on dev server.
2022/9/26 11:52:22 [ info ] Logged in as Suggestions Bot#5695.
2022/9/26 11:52:22 [ info ] Ready to serve 1 servers and 1 users.
2022/9/26 11:52:22 [ info ] Loading database...
2022/9/26 11:52:22 [ info ] Successfully connected to the database.
2022/9/26 11:52:57 [ error ] An error occurred while handling a suggestion submission: Error: Field 'messageId' doesn't have a default value
2022/9/26 11:53:55 [ error ] An error occurred while handling a suggestion submission: Error: Out of range value for column 'userId' at row 1
2022/9/26 11:55:50 [ info ] Loaded command suggest.
2022/9/26 11:55:50 [ info ] Loaded event interactionCreate.
2022/9/26 11:55:50 [ info ] Loaded event ready.
2022/9/26 11:55:50 [ info ] Started refreshing application (/) on dev server.
2022/9/26 11:55:51 [ info ] Successfully reloaded application (/) commands on dev server.
2022/9/26 11:55:51 [ info ] Logged in as Suggestions Bot#5695.
2022/9/26 11:55:51 [ info ] Ready to serve 1 servers and 1 users.
2022/9/26 11:55:51 [ info ] Loading database...
2022/9/26 11:55:51 [ info ] Successfully connected to the database.
2022/9/26 11:56:01 [ error ] An error occurred while handling a suggestion submission: Error: Out of range value for column 'userId' at row 1
2022/9/26 11:58:03 [ error ] An error occurred while handling a suggestion submission: Error: Expected the value to be an object, but received string instead
2022/9/26 12:03:54 [ error ] An error occurred while handling a suggestion submission: Error: Expected the value to be an object, but received string instead
2022/9/26 12:04:15 [ info ] Loaded command suggest.
2022/9/26 12:04:15 [ info ] Loaded event interactionCreate.
2022/9/26 12:04:15 [ info ] Loaded event ready.
2022/9/26 12:04:15 [ info ] Started refreshing application (/) on dev server.
2022/9/26 12:04:15 [ info ] Successfully reloaded application (/) commands on dev server.
2022/9/26 12:04:16 [ info ] Logged in as Suggestions Bot#5695.
2022/9/26 12:04:16 [ info ] Ready to serve 1 servers and 1 users.
2022/9/26 12:04:16 [ info ] Loading database...
2022/9/26 12:04:16 [ info ] Successfully connected to the database.
2022/9/26 12:04:28 [ error ] An error occurred while handling a suggestion submission: Error: Duplicate entry '' for key 'messageId'
2022/9/26 12:10:35 [ info ] Loaded command suggest.
2022/9/26 12:10:35 [ info ] Loaded event interactionCreate.
2022/9/26 12:10:35 [ info ] Loaded event ready.
2022/9/26 12:10:35 [ info ] Started refreshing application (/) on dev server.
2022/9/26 12:10:36 [ info ] Successfully reloaded application (/) commands on dev server.
2022/9/26 12:10:36 [ info ] Logged in as Suggestions Bot#5695.
2022/9/26 12:10:36 [ info ] Ready to serve 1 servers and 1 users.
2022/9/26 12:10:36 [ info ] Loading database...
2022/9/26 12:10:36 [ info ] Successfully connected to the database.
2022/9/26 12:11:32 [ info ] Loaded command suggest.
2022/9/26 12:11:32 [ info ] Loaded event interactionCreate.
2022/9/26 12:11:32 [ info ] Loaded event ready.
2022/9/26 12:11:32 [ info ] Started refreshing application (/) on dev server.
2022/9/26 12:11:32 [ info ] Successfully reloaded application (/) commands on dev server.
2022/9/26 12:11:33 [ info ] Logged in as Suggestions Bot#5695.
2022/9/26 12:11:33 [ info ] Ready to serve 1 servers and 1 users.
2022/9/26 12:11:33 [ info ] Loading database...
2022/9/26 12:11:33 [ info ] Successfully connected to the database.
2022/9/26 12:33:13 [ info ] Loaded command suggest.
2022/9/26 12:33:13 [ info ] Loaded command suggestion.
2022/9/26 12:33:13 [ info ] Loaded event interactionCreate.
2022/9/26 12:33:13 [ info ] Loaded event ready.
2022/9/26 12:33:13 [ info ] Started refreshing application (/) on dev server.
2022/9/26 12:33:14 [ info ] Successfully reloaded application (/) commands on dev server.
2022/9/26 12:33:14 [ info ] Logged in as Suggestions Bot#5695.
2022/9/26 12:33:14 [ info ] Ready to serve 1 servers and 1 users.
2022/9/26 12:33:14 [ info ] Loading database...
2022/9/26 12:33:14 [ info ] Successfully connected to the database.
2022/9/26 12:33:43 [ error ] An error occurred while executing the command suggestion: Error: Expected the value to be one of the following enum values:
2022/9/26 12:34:38 [ info ] Loaded command suggest.
2022/9/26 12:34:38 [ info ] Loaded command suggestion.
2022/9/26 12:34:38 [ info ] Loaded event interactionCreate.
2022/9/26 12:34:38 [ info ] Loaded event ready.
2022/9/26 12:34:38 [ info ] Started refreshing application (/) on dev server.
2022/9/26 12:34:38 [ info ] Successfully reloaded application (/) commands on dev server.
2022/9/26 12:34:38 [ info ] Logged in as Suggestions Bot#5695.
2022/9/26 12:34:38 [ info ] Ready to serve 1 servers and 1 users.
2022/9/26 12:34:38 [ info ] Loading database...
2022/9/26 12:34:38 [ info ] Successfully connected to the database.
2022/9/26 12:34:43 [ error ] An error occurred while executing the command suggestion: TypeError: Cannot read properties of null (reading 'createMessageComponentCollector')
2022/9/26 12:35:04 [ info ] Loaded command suggest.
2022/9/26 12:35:04 [ info ] Loaded command suggestion.
2022/9/26 12:35:04 [ info ] Loaded event interactionCreate.
2022/9/26 12:35:04 [ info ] Loaded event ready.
2022/9/26 12:35:04 [ info ] Started refreshing application (/) on dev server.
2022/9/26 12:35:05 [ info ] Successfully reloaded application (/) commands on dev server.
2022/9/26 12:35:05 [ info ] Logged in as Suggestions Bot#5695.
2022/9/26 12:35:05 [ info ] Ready to serve 1 servers and 1 users.
2022/9/26 12:35:05 [ info ] Loading database...
2022/9/26 12:35:05 [ info ] Successfully connected to the database.
2022/9/26 12:35:12 [ error ] An error occurred while executing the command suggestion: TypeError: Cannot read properties of null (reading 'createMessageComponentCollector')
2022/9/26 12:36:48 [ info ] Loaded command suggest.
2022/9/26 12:36:48 [ info ] Loaded command suggestion.
2022/9/26 12:36:48 [ info ] Loaded event interactionCreate.
2022/9/26 12:36:48 [ info ] Loaded event ready.
2022/9/26 12:36:48 [ info ] Started refreshing application (/) on dev server.
2022/9/26 12:36:48 [ info ] Successfully reloaded application (/) commands on dev server.
2022/9/26 12:36:48 [ info ] Logged in as Suggestions Bot#5695.
2022/9/26 12:36:48 [ info ] Ready to serve 1 servers and 1 users.
2022/9/26 12:36:48 [ info ] Loading database...
2022/9/26 12:36:48 [ info ] Successfully connected to the database.
2022/9/26 12:41:06 [ info ] Loaded command suggest.
2022/9/26 12:41:06 [ info ] Loaded command suggestion.
2022/9/26 12:41:06 [ info ] Loaded event interactionCreate.
2022/9/26 12:41:06 [ info ] Loaded event ready.
2022/9/26 12:41:06 [ info ] Started refreshing application (/) on dev server.
2022/9/26 12:41:07 [ info ] Successfully reloaded application (/) commands on dev server.
2022/9/26 12:41:07 [ info ] Logged in as Suggestions Bot#5695.
2022/9/26 12:41:07 [ info ] Ready to serve 1 servers and 1 users.
2022/9/26 12:41:07 [ info ] Loading database...
2022/9/26 12:41:07 [ info ] Successfully connected to the database.
2022/9/26 12:41:21 [ info ] Loaded command suggest.
2022/9/26 12:41:21 [ info ] Loaded command suggestion.
2022/9/26 12:41:21 [ info ] Loaded event interactionCreate.
2022/9/26 12:41:21 [ info ] Loaded event ready.
2022/9/26 12:41:21 [ info ] Started refreshing application (/) on dev server.
2022/9/26 12:41:22 [ info ] Successfully reloaded application (/) commands on dev server.
2022/9/26 12:41:22 [ info ] Logged in as Suggestions Bot#5695.
2022/9/26 12:41:22 [ info ] Ready to serve 1 servers and 1 users.
2022/9/26 12:41:22 [ info ] Loading database...
2022/9/26 12:41:22 [ info ] Successfully connected to the database.
2022/9/26 12:44:21 [ info ] Loaded command suggest.
2022/9/26 12:44:21 [ info ] Loaded command suggestion.
2022/9/26 12:44:21 [ info ] Loaded event interactionCreate.
2022/9/26 12:44:21 [ info ] Loaded event ready.
2022/9/26 12:44:21 [ info ] Started refreshing application (/) on dev server.
2022/9/26 12:44:22 [ info ] Successfully reloaded application (/) commands on dev server.
2022/9/26 12:44:22 [ info ] Logged in as Suggestions Bot#5695.
2022/9/26 12:44:22 [ info ] Ready to serve 1 servers and 1 users.
2022/9/26 12:44:22 [ info ] Loading database...
2022/9/26 12:44:22 [ info ] Successfully connected to the database.
2022/9/26 12:45:24 [ info ] Loaded command suggest.
2022/9/26 12:45:24 [ info ] Loaded command suggestion.
2022/9/26 12:45:24 [ info ] Loaded event interactionCreate.
2022/9/26 12:45:24 [ info ] Loaded event ready.
2022/9/26 12:45:24 [ info ] Started refreshing application (/) on dev server.
2022/9/26 12:45:25 [ info ] Successfully reloaded application (/) commands on dev server.
2022/9/26 12:45:25 [ info ] Logged in as Suggestions Bot#5695.
2022/9/26 12:45:25 [ info ] Ready to serve 1 servers and 1 users.
2022/9/26 12:45:25 [ info ] Loading database...
2022/9/26 12:45:25 [ info ] Successfully connected to the database.
2022/9/26 12:46:00 [ info ] Loaded command suggest.
2022/9/26 12:46:00 [ info ] Loaded command suggestion.
2022/9/26 12:46:00 [ info ] Loaded event interactionCreate.
2022/9/26 12:46:00 [ info ] Loaded event ready.
2022/9/26 12:46:00 [ info ] Started refreshing application (/) on dev server.
2022/9/26 12:46:00 [ info ] Successfully reloaded application (/) commands on dev server.
2022/9/26 12:46:01 [ info ] Logged in as Suggestions Bot#5695.
2022/9/26 12:46:01 [ info ] Ready to serve 1 servers and 1 users.
2022/9/26 12:46:01 [ info ] Loading database...
2022/9/26 12:46:01 [ info ] Successfully connected to the database.
2022/9/26 12:46:44 [ info ] Loaded command suggest.
2022/9/26 12:46:44 [ info ] Loaded command suggestion.
2022/9/26 12:46:44 [ info ] Loaded event interactionCreate.
2022/9/26 12:46:44 [ info ] Loaded event ready.
2022/9/26 12:46:44 [ info ] Started refreshing application (/) on dev server.
2022/9/26 12:46:44 [ info ] Successfully reloaded application (/) commands on dev server.
2022/9/26 12:46:44 [ info ] Logged in as Suggestions Bot#5695.
2022/9/26 12:46:44 [ info ] Ready to serve 1 servers and 1 users.
2022/9/26 12:46:44 [ info ] Loading database...
2022/9/26 12:46:44 [ info ] Successfully connected to the database.
2022/9/26 12:49:27 [ info ] Loaded command suggest.
2022/9/26 12:49:27 [ info ] Loaded command suggestion.
2022/9/26 12:49:27 [ info ] Loaded event interactionCreate.
2022/9/26 12:49:27 [ info ] Loaded event ready.
2022/9/26 12:49:27 [ info ] Started refreshing application (/) on dev server.
2022/9/26 12:49:27 [ info ] Successfully reloaded application (/) commands on dev server.
2022/9/26 12:49:27 [ info ] Logged in as Suggestions Bot#5695.
2022/9/26 12:49:27 [ info ] Ready to serve 1 servers and 1 users.
2022/9/26 12:49:27 [ info ] Loading database...
2022/9/26 12:49:27 [ info ] Successfully connected to the database.
2022/9/26 13:02:29 [ info ] Loaded command suggest.
2022/9/26 13:02:29 [ info ] Loaded command suggestion.
2022/9/26 13:02:29 [ info ] Loaded event interactionCreate.
2022/9/26 13:02:29 [ info ] Loaded event ready.
2022/9/26 13:02:29 [ info ] Started refreshing application (/) on dev server.
2022/9/26 13:02:29 [ info ] Successfully reloaded application (/) commands on dev server.
2022/9/26 13:02:30 [ info ] Logged in as Suggestions Bot#5695.
2022/9/26 13:02:30 [ info ] Ready to serve 1 servers and 1 users.
2022/9/26 13:02:30 [ info ] Loading database...
2022/9/26 13:02:30 [ info ] Successfully connected to the database.
2022/9/26 13:08:38 [ info ] Loaded command suggest.
2022/9/26 13:08:38 [ info ] Loaded command suggestion.
2022/9/26 13:08:38 [ info ] Loaded event interactionCreate.
2022/9/26 13:08:38 [ info ] Loaded event ready.
2022/9/26 13:08:38 [ info ] Started refreshing application (/) on dev server.
2022/9/26 13:08:39 [ info ] Successfully reloaded application (/) commands on dev server.
2022/9/26 13:08:39 [ info ] Logged in as Suggestions Bot#5695.
2022/9/26 13:08:39 [ info ] Ready to serve 1 servers and 1 users.
2022/9/26 13:08:39 [ info ] Loading database...
2022/9/26 13:08:39 [ info ] Successfully connected to the database.
2022/9/26 13:09:46 [ info ] Loaded command suggest.
2022/9/26 13:09:46 [ info ] Loaded command suggestion.
2022/9/26 13:09:46 [ info ] Loaded event interactionCreate.
2022/9/26 13:09:46 [ info ] Loaded event ready.
2022/9/26 13:09:46 [ info ] Started refreshing application (/) on dev server.
2022/9/26 13:09:46 [ info ] Successfully reloaded application (/) commands on dev server.
2022/9/26 13:09:47 [ info ] Logged in as Suggestions Bot#5695.
2022/9/26 13:09:47 [ info ] Ready to serve 1 servers and 1 users.
2022/9/26 13:09:47 [ info ] Loading database...
2022/9/26 13:09:47 [ info ] Successfully connected to the database.